2023-04-02 22:28:35,410 [INFO] 
DESCRIPTION:

    Foreach dataset:
        train unconstrained SVC
        For budget in [.3,.4,.5,.6,.7,.8,.9]% of sup.vec. of unconstrained model
            train SVC(budget=budget)

    - 4 datasets from custom function, 2 dataset from sklearn make_blobs. Each dataset has 300 points.
    - 5-fold stratified cross validation

2023-04-02 22:28:35,411 [INFO] Launching experiments on dataset fc909c284a99cdf44d8d51d2ea62d334d
2023-04-02 22:28:35,411 [DEBUG] Dataset 2ea62d334d Budget 100.0% - Launching model selection
2023-04-02 22:28:35,411 [DEBUG] Launching GridSearcCV on SVM() - 49 params, 5-folds, for a total of 245 fit calls.
2023-04-02 22:28:58,315 [DEBUG] Dataset 2ea62d334d Budget 100.0% - Model selection took 22.90375753119588 seconds
2023-04-02 22:28:58,315 [DEBUG] Dataset 2ea62d334d Budget 90.0% - Launching model selection
2023-04-02 22:28:58,315 [DEBUG] Launching GridSearcCV on SVM(budget=56) - 49 params, 5-folds, for a total of 245 fit calls.
2023-04-02 22:36:30,308 [DEBUG] Dataset 2ea62d334d Budget 90.0% - Model selection took 451.9935219027102 seconds
2023-04-02 22:36:30,308 [DEBUG] Dataset 2ea62d334d Budget 80.0% - Launching model selection
2023-04-02 22:36:30,309 [DEBUG] Launching GridSearcCV on SVM(budget=50) - 49 params, 5-folds, for a total of 245 fit calls.
2023-04-02 22:43:09,452 [DEBUG] Dataset 2ea62d334d Budget 80.0% - Model selection took 399.14393753930926 seconds
2023-04-02 22:43:09,453 [DEBUG] Dataset 2ea62d334d Budget 70.0% - Launching model selection
2023-04-02 22:43:09,453 [DEBUG] Launching GridSearcCV on SVM(budget=44) - 49 params, 5-folds, for a total of 245 fit calls.
2023-04-02 22:50:46,314 [DEBUG] Dataset 2ea62d334d Budget 70.0% - Model selection took 456.861038537696 seconds
2023-04-02 22:50:46,314 [DEBUG] Dataset 2ea62d334d Budget 60.00000000000001% - Launching model selection
2023-04-02 22:50:46,314 [DEBUG] Launching GridSearcCV on SVM(budget=37) - 49 params, 5-folds, for a total of 245 fit calls.
2023-04-02 23:11:52,938 [DEBUG] Dataset 2ea62d334d Budget 60.00000000000001% - Model selection took 1266.624202363193 seconds
2023-04-02 23:11:52,938 [DEBUG] Dataset 2ea62d334d Budget 50.0% - Launching model selection
2023-04-02 23:11:52,938 [DEBUG] Launching GridSearcCV on SVM(budget=31) - 49 params, 5-folds, for a total of 245 fit calls.
2023-04-02 23:33:27,697 [DEBUG] Dataset 2ea62d334d Budget 50.0% - Model selection took 1294.7586876638234 seconds
2023-04-02 23:33:27,697 [DEBUG] Dataset 2ea62d334d Budget 40.0% - Launching model selection
2023-04-02 23:33:27,697 [DEBUG] Launching GridSearcCV on SVM(budget=25) - 49 params, 5-folds, for a total of 245 fit calls.
2023-04-02 23:56:05,720 [DEBUG] Dataset 2ea62d334d Budget 40.0% - Model selection took 1358.0229752510786 seconds
2023-04-02 23:56:05,720 [DEBUG] Dataset 2ea62d334d Budget 30.0% - Launching model selection
2023-04-02 23:56:05,720 [DEBUG] Launching GridSearcCV on SVM(budget=18) - 49 params, 5-folds, for a total of 245 fit calls.
2023-04-03 00:03:54,379 [DEBUG] Dataset 2ea62d334d Budget 30.0% - Model selection took 468.65826944448054 seconds
2023-04-03 00:03:54,379 [INFO] Launching experiments on dataset f4866a56c176db9624e6d8bb02f2de8e1
2023-04-03 00:03:54,380 [DEBUG] Dataset b02f2de8e1 Budget 100.0% - Launching model selection
2023-04-03 00:03:54,380 [DEBUG] Launching GridSearcCV on SVM() - 49 params, 5-folds, for a total of 245 fit calls.
2023-04-03 00:04:17,053 [DEBUG] Dataset b02f2de8e1 Budget 100.0% - Model selection took 22.67346442490816 seconds
2023-04-03 00:04:17,053 [DEBUG] Dataset b02f2de8e1 Budget 90.0% - Launching model selection
2023-04-03 00:04:17,053 [DEBUG] Launching GridSearcCV on SVM(budget=45) - 49 params, 5-folds, for a total of 245 fit calls.
2023-04-03 00:25:53,592 [DEBUG] Dataset b02f2de8e1 Budget 90.0% - Model selection took 1296.5384936686605 seconds
2023-04-03 00:25:53,592 [DEBUG] Dataset b02f2de8e1 Budget 80.0% - Launching model selection
2023-04-03 00:25:53,592 [DEBUG] Launching GridSearcCV on SVM(budget=40) - 49 params, 5-folds, for a total of 245 fit calls.
2023-04-03 00:32:47,875 [DEBUG] Dataset b02f2de8e1 Budget 80.0% - Model selection took 414.28278065659106 seconds
2023-04-03 00:32:47,875 [DEBUG] Dataset b02f2de8e1 Budget 70.0% - Launching model selection
2023-04-03 00:32:47,875 [DEBUG] Launching GridSearcCV on SVM(budget=35) - 49 params, 5-folds, for a total of 245 fit calls.
2023-04-03 00:54:20,480 [DEBUG] Dataset b02f2de8e1 Budget 70.0% - Model selection took 1292.6055601648986 seconds
2023-04-03 00:54:20,481 [DEBUG] Dataset b02f2de8e1 Budget 60.00000000000001% - Launching model selection
2023-04-03 00:54:20,481 [DEBUG] Launching GridSearcCV on SVM(budget=30) - 49 params, 5-folds, for a total of 245 fit calls.
2023-04-03 01:01:33,631 [DEBUG] Dataset b02f2de8e1 Budget 60.00000000000001% - Model selection took 433.14997133240104 seconds
2023-04-03 01:01:33,631 [DEBUG] Dataset b02f2de8e1 Budget 50.0% - Launching model selection
2023-04-03 01:01:33,631 [DEBUG] Launching GridSearcCV on SVM(budget=25) - 49 params, 5-folds, for a total of 245 fit calls.
2023-04-03 01:23:09,759 [DEBUG] Dataset b02f2de8e1 Budget 50.0% - Model selection took 1296.1284431349486 seconds
2023-04-03 01:23:09,759 [DEBUG] Dataset b02f2de8e1 Budget 40.0% - Launching model selection
2023-04-03 01:23:09,759 [DEBUG] Launching GridSearcCV on SVM(budget=20) - 49 params, 5-folds, for a total of 245 fit calls.
2023-04-03 01:31:30,026 [DEBUG] Dataset b02f2de8e1 Budget 40.0% - Model selection took 500.2661898974329 seconds
2023-04-03 01:31:30,026 [DEBUG] Dataset b02f2de8e1 Budget 30.0% - Launching model selection
2023-04-03 01:31:30,026 [DEBUG] Launching GridSearcCV on SVM(budget=15) - 49 params, 5-folds, for a total of 245 fit calls.
2023-04-03 01:53:51,578 [DEBUG] Dataset b02f2de8e1 Budget 30.0% - Model selection took 1341.552118908614 seconds
2023-04-03 01:53:51,579 [INFO] Launching experiments on dataset f6340ead3f8a9ea762eaf5c2132fc757a
2023-04-03 01:53:51,579 [DEBUG] Dataset 2132fc757a Budget 100.0% - Launching model selection
2023-04-03 01:53:51,579 [DEBUG] Launching GridSearcCV on SVM() - 49 params, 5-folds, for a total of 245 fit calls.
2023-04-03 01:54:13,992 [DEBUG] Dataset 2132fc757a Budget 100.0% - Model selection took 22.41342679038644 seconds
2023-04-03 01:54:13,992 [DEBUG] Dataset 2132fc757a Budget 90.0% - Launching model selection
2023-04-03 01:54:13,992 [DEBUG] Launching GridSearcCV on SVM(budget=42) - 49 params, 5-folds, for a total of 245 fit calls.
2023-04-03 02:01:55,129 [DEBUG] Dataset 2132fc757a Budget 90.0% - Model selection took 461.13619065098464 seconds
2023-04-03 02:01:55,129 [DEBUG] Dataset 2132fc757a Budget 80.0% - Launching model selection
2023-04-03 02:01:55,129 [DEBUG] Launching GridSearcCV on SVM(budget=37) - 49 params, 5-folds, for a total of 245 fit calls.
2023-04-03 02:23:23,123 [DEBUG] Dataset 2132fc757a Budget 80.0% - Model selection took 1287.9942339137197 seconds
2023-04-03 02:23:23,123 [DEBUG] Dataset 2132fc757a Budget 70.0% - Launching model selection
2023-04-03 02:23:23,123 [DEBUG] Launching GridSearcCV on SVM(budget=32) - 49 params, 5-folds, for a total of 245 fit calls.
2023-04-03 02:31:18,393 [DEBUG] Dataset 2132fc757a Budget 70.0% - Model selection took 475.2695430871099 seconds
2023-04-03 02:31:18,393 [DEBUG] Dataset 2132fc757a Budget 60.00000000000001% - Launching model selection
2023-04-03 02:31:18,393 [DEBUG] Launching GridSearcCV on SVM(budget=28) - 49 params, 5-folds, for a total of 245 fit calls.
2023-04-03 02:39:05,552 [DEBUG] Dataset 2132fc757a Budget 60.00000000000001% - Model selection took 467.15927863679826 seconds
2023-04-03 02:39:05,552 [DEBUG] Dataset 2132fc757a Budget 50.0% - Launching model selection
2023-04-03 02:39:05,586 [DEBUG] Launching GridSearcCV on SVM(budget=23) - 49 params, 5-folds, for a total of 245 fit calls.
2023-04-03 03:00:41,493 [DEBUG] Dataset 2132fc757a Budget 50.0% - Model selection took 1295.9070096723735 seconds
2023-04-03 03:00:41,493 [DEBUG] Dataset 2132fc757a Budget 40.0% - Launching model selection
2023-04-03 03:00:41,493 [DEBUG] Launching GridSearcCV on SVM(budget=18) - 49 params, 5-folds, for a total of 245 fit calls.
2023-04-03 03:09:26,696 [DEBUG] Dataset 2132fc757a Budget 40.0% - Model selection took 525.2026171498001 seconds
2023-04-03 03:09:26,696 [DEBUG] Dataset 2132fc757a Budget 30.0% - Launching model selection
2023-04-03 03:09:26,696 [DEBUG] Launching GridSearcCV on SVM(budget=14) - 49 params, 5-folds, for a total of 245 fit calls.
2023-04-03 03:18:24,362 [DEBUG] Dataset 2132fc757a Budget 30.0% - Model selection took 537.666003042832 seconds
2023-04-03 03:18:24,363 [INFO] Launching experiments on dataset fff89c17b0ee181abd72e691a10b27bf9
2023-04-03 03:18:24,363 [DEBUG] Dataset 1a10b27bf9 Budget 100.0% - Launching model selection
2023-04-03 03:18:24,363 [DEBUG] Launching GridSearcCV on SVM() - 49 params, 5-folds, for a total of 245 fit calls.
2023-04-03 03:18:46,300 [DEBUG] Dataset 1a10b27bf9 Budget 100.0% - Model selection took 21.936495803296566 seconds
2023-04-03 03:18:46,300 [DEBUG] Dataset 1a10b27bf9 Budget 90.0% - Launching model selection
2023-04-03 03:18:46,300 [DEBUG] Launching GridSearcCV on SVM(budget=60) - 49 params, 5-folds, for a total of 245 fit calls.
2023-04-03 03:26:15,631 [DEBUG] Dataset 1a10b27bf9 Budget 90.0% - Model selection took 449.3309800308198 seconds
2023-04-03 03:26:15,631 [DEBUG] Dataset 1a10b27bf9 Budget 80.0% - Launching model selection
2023-04-03 03:26:15,631 [DEBUG] Launching GridSearcCV on SVM(budget=53) - 49 params, 5-folds, for a total of 245 fit calls.
2023-04-03 03:46:36,338 [DEBUG] Dataset 1a10b27bf9 Budget 80.0% - Model selection took 1220.7066007889807 seconds
2023-04-03 03:46:36,338 [DEBUG] Dataset 1a10b27bf9 Budget 70.0% - Launching model selection
2023-04-03 03:46:36,338 [DEBUG] Launching GridSearcCV on SVM(budget=46) - 49 params, 5-folds, for a total of 245 fit calls.
2023-04-03 03:54:13,100 [DEBUG] Dataset 1a10b27bf9 Budget 70.0% - Model selection took 456.7627293728292 seconds
2023-04-03 03:54:13,101 [DEBUG] Dataset 1a10b27bf9 Budget 60.00000000000001% - Launching model selection
2023-04-03 03:54:13,101 [DEBUG] Launching GridSearcCV on SVM(budget=40) - 49 params, 5-folds, for a total of 245 fit calls.
2023-04-03 04:02:02,974 [DEBUG] Dataset 1a10b27bf9 Budget 60.00000000000001% - Model selection took 469.87335828505456 seconds
2023-04-03 04:02:02,974 [DEBUG] Dataset 1a10b27bf9 Budget 50.0% - Launching model selection
2023-04-03 04:02:02,974 [DEBUG] Launching GridSearcCV on SVM(budget=33) - 49 params, 5-folds, for a total of 245 fit calls.
2023-04-03 04:22:33,831 [DEBUG] Dataset 1a10b27bf9 Budget 50.0% - Model selection took 1230.8571082185954 seconds
2023-04-03 04:22:33,831 [DEBUG] Dataset 1a10b27bf9 Budget 40.0% - Launching model selection
2023-04-03 04:22:33,832 [DEBUG] Launching GridSearcCV on SVM(budget=26) - 49 params, 5-folds, for a total of 245 fit calls.
2023-04-03 04:29:25,136 [DEBUG] Dataset 1a10b27bf9 Budget 40.0% - Model selection took 411.30479049123824 seconds
2023-04-03 04:29:25,136 [DEBUG] Dataset 1a10b27bf9 Budget 30.0% - Launching model selection
2023-04-03 04:29:25,136 [DEBUG] Launching GridSearcCV on SVM(budget=20) - 49 params, 5-folds, for a total of 245 fit calls.
2023-04-03 04:37:17,676 [DEBUG] Dataset 1a10b27bf9 Budget 30.0% - Model selection took 472.5400940440595 seconds
2023-04-03 04:37:17,679 [INFO] Launching experiments on dataset f96ee0f04878ee282e3470b3df861b457
2023-04-03 04:37:17,679 [DEBUG] Dataset 3df861b457 Budget 100.0% - Launching model selection
2023-04-03 04:37:17,679 [DEBUG] Launching GridSearcCV on SVM() - 49 params, 5-folds, for a total of 245 fit calls.
2023-04-03 04:37:39,180 [DEBUG] Dataset 3df861b457 Budget 100.0% - Model selection took 21.500757671892643 seconds
2023-04-03 04:37:39,180 [DEBUG] Dataset 3df861b457 Budget 90.0% - Launching model selection
2023-04-03 04:37:39,180 [DEBUG] Launching GridSearcCV on SVM(budget=12) - 49 params, 5-folds, for a total of 245 fit calls.
2023-04-03 04:43:59,493 [DEBUG] Dataset 3df861b457 Budget 90.0% - Model selection took 380.3130927570164 seconds
2023-04-03 04:43:59,493 [DEBUG] Dataset 3df861b457 Budget 80.0% - Launching model selection
2023-04-03 04:43:59,494 [DEBUG] Launching GridSearcCV on SVM(budget=11) - 49 params, 5-folds, for a total of 245 fit calls.
2023-04-03 05:01:46,725 [DEBUG] Dataset 3df861b457 Budget 80.0% - Model selection took 1067.231961298734 seconds
2023-04-03 05:01:46,726 [DEBUG] Dataset 3df861b457 Budget 70.0% - Launching model selection
2023-04-03 05:01:46,726 [DEBUG] Launching GridSearcCV on SVM(budget=9) - 49 params, 5-folds, for a total of 245 fit calls.
2023-04-03 05:19:35,475 [DEBUG] Dataset 3df861b457 Budget 70.0% - Model selection took 1068.749355532229 seconds
2023-04-03 05:19:35,475 [DEBUG] Dataset 3df861b457 Budget 60.00000000000001% - Launching model selection
2023-04-03 05:19:35,475 [DEBUG] Launching GridSearcCV on SVM(budget=8) - 49 params, 5-folds, for a total of 245 fit calls.
2023-04-03 05:25:53,741 [DEBUG] Dataset 3df861b457 Budget 60.00000000000001% - Model selection took 378.26573789305985 seconds
2023-04-03 05:25:53,741 [DEBUG] Dataset 3df861b457 Budget 50.0% - Launching model selection
2023-04-03 05:25:53,741 [DEBUG] Launching GridSearcCV on SVM(budget=7) - 49 params, 5-folds, for a total of 245 fit calls.
2023-04-03 05:43:53,123 [DEBUG] Dataset 3df861b457 Budget 50.0% - Model selection took 1079.3817677032202 seconds
2023-04-03 05:43:53,123 [DEBUG] Dataset 3df861b457 Budget 40.0% - Launching model selection
2023-04-03 05:43:53,123 [DEBUG] Launching GridSearcCV on SVM(budget=5) - 49 params, 5-folds, for a total of 245 fit calls.
2023-04-03 06:04:26,367 [DEBUG] Dataset 3df861b457 Budget 40.0% - Model selection took 1233.2442595213652 seconds
2023-04-03 06:04:26,367 [DEBUG] Dataset 3df861b457 Budget 30.0% - Launching model selection
2023-04-03 06:04:26,368 [DEBUG] Launching GridSearcCV on SVM(budget=4) - 49 params, 5-folds, for a total of 245 fit calls.
2023-04-03 06:12:09,472 [DEBUG] Dataset 3df861b457 Budget 30.0% - Model selection took 463.10410238429904 seconds
2023-04-03 06:12:09,474 [INFO] Launching experiments on dataset f3cd89dab74b6d2f7f00cd48ba8202e51
2023-04-03 06:12:09,474 [DEBUG] Dataset 8ba8202e51 Budget 100.0% - Launching model selection
2023-04-03 06:12:09,474 [DEBUG] Launching GridSearcCV on SVM() - 49 params, 5-folds, for a total of 245 fit calls.
2023-04-03 06:12:31,905 [DEBUG] Dataset 8ba8202e51 Budget 100.0% - Model selection took 22.430634398013353 seconds
2023-04-03 06:12:31,905 [DEBUG] Dataset 8ba8202e51 Budget 90.0% - Launching model selection
2023-04-03 06:12:31,905 [DEBUG] Launching GridSearcCV on SVM(budget=25) - 49 params, 5-folds, for a total of 245 fit calls.
2023-04-03 06:30:39,644 [DEBUG] Dataset 8ba8202e51 Budget 90.0% - Model selection took 1087.7388904038817 seconds
2023-04-03 06:30:39,644 [DEBUG] Dataset 8ba8202e51 Budget 80.0% - Launching model selection
2023-04-03 06:30:39,644 [DEBUG] Launching GridSearcCV on SVM(budget=22) - 49 params, 5-folds, for a total of 245 fit calls.
2023-04-03 06:36:56,252 [DEBUG] Dataset 8ba8202e51 Budget 80.0% - Model selection took 376.607604239136 seconds
2023-04-03 06:36:56,252 [DEBUG] Dataset 8ba8202e51 Budget 70.0% - Launching model selection
2023-04-03 06:36:56,252 [DEBUG] Launching GridSearcCV on SVM(budget=19) - 49 params, 5-folds, for a total of 245 fit calls.
2023-04-03 06:55:27,699 [DEBUG] Dataset 8ba8202e51 Budget 70.0% - Model selection took 1111.4471092876047 seconds
2023-04-03 06:55:27,699 [DEBUG] Dataset 8ba8202e51 Budget 60.00000000000001% - Launching model selection
2023-04-03 06:55:27,699 [DEBUG] Launching GridSearcCV on SVM(budget=16) - 49 params, 5-folds, for a total of 245 fit calls.
2023-04-03 07:02:16,903 [DEBUG] Dataset 8ba8202e51 Budget 60.00000000000001% - Model selection took 409.20387630164623 seconds
2023-04-03 07:02:16,903 [DEBUG] Dataset 8ba8202e51 Budget 50.0% - Launching model selection
2023-04-03 07:02:16,903 [DEBUG] Launching GridSearcCV on SVM(budget=14) - 49 params, 5-folds, for a total of 245 fit calls.
2023-04-03 07:09:40,506 [DEBUG] Dataset 8ba8202e51 Budget 50.0% - Model selection took 443.60243847593665 seconds
2023-04-03 07:09:40,506 [DEBUG] Dataset 8ba8202e51 Budget 40.0% - Launching model selection
2023-04-03 07:09:40,506 [DEBUG] Launching GridSearcCV on SVM(budget=11) - 49 params, 5-folds, for a total of 245 fit calls.
2023-04-03 07:29:58,616 [DEBUG] Dataset 8ba8202e51 Budget 40.0% - Model selection took 1218.1105953380466 seconds
2023-04-03 07:29:58,617 [DEBUG] Dataset 8ba8202e51 Budget 30.0% - Launching model selection
2023-04-03 07:29:58,617 [DEBUG] Launching GridSearcCV on SVM(budget=8) - 49 params, 5-folds, for a total of 245 fit calls.
2023-04-03 07:39:11,840 [DEBUG] Dataset 8ba8202e51 Budget 30.0% - Model selection took 553.2236799430102 seconds
2023-04-03 07:39:11,840 [INFO] Saving models on disk
2023-04-03 07:39:11,843 [INFO] Saving results on disk
2023-04-03 07:39:11,844 [INFO] Done
